<?xml version="1.0" encoding="UTF-8" ?>
<testsuite failures="0" time="0.014" errors="2" skipped="2" tests="9" name="com.evolutiongaming.runner.RunTest">
  <properties>
[...]
</properties>
  <testcase time="0.001" classname="| Computer | Продажа | 3 | 160 | 300 |" name="Given Switch to russian language"/>
  <testcase time="0" classname="| Computer | Продажа | 3 | 160 | 300 |" name="And Select Electrical Engineering"/>
  <testcase time="0.002" classname="| Computer | Продажа | 3 | 160 | 300 |" name="And Go to search and search for Computer"/>
  <testcase time="0" classname="| Computer | Продажа | 3 | 160 | 300 |" name="When Sort the result by price and select Продажа in transaction type"/>
  <testcase time="0" classname="| Computer | Продажа | 3 | 160 | 300 |" name="And Go to advance search and enter price between 160 and 300"/>
  <testcase time="0.002" classname="| Computer | Продажа | 3 | 160 | 300 |" name="Then Select 3 adds">
    <error message="java.util.Random.ints(II)Ljava/util/stream/IntStream;" type="java.lang.NoSuchMethodError">java.lang.NoSuchMethodError: java.util.Random.ints(II)Ljava/util/stream/IntStream;
	at com.evolutiongaming.ui.home.page.EvolutionGamingPage.randomNumber(EvolutionGamingPage.java:180)
	at com.evolutiongaming.ui.home.page.EvolutionGamingPage.selectCheckbox(EvolutionGamingPage.java:111)
	at com.evolutiongaming.stepDefinitions.ui.home.EvolutionGamingStepDef.select_random_adds(EvolutionGamingStepDef.java:56)
	at ✽.Then Select 3 adds(Home/EvolutionGaming.feature:11)
</error>
  </testcase>
  <testcase time="0.002" classname="| Computer | Продажа | 3 | 160 | 300 |" name="| Computer | Продажа | 3 | 160 | 300 |">
    <error message="java.util.Random.ints(II)Ljava/util/stream/IntStream;" type="java.lang.NoSuchMethodError">java.lang.NoSuchMethodError: java.util.Random.ints(II)Ljava/util/stream/IntStream;
	at com.evolutiongaming.ui.home.page.EvolutionGamingPage.randomNumber(EvolutionGamingPage.java:180)
	at com.evolutiongaming.ui.home.page.EvolutionGamingPage.selectCheckbox(EvolutionGamingPage.java:111)
	at com.evolutiongaming.stepDefinitions.ui.home.EvolutionGamingStepDef.select_random_adds(EvolutionGamingStepDef.java:56)
	at ✽.Then Select 3 adds(Home/EvolutionGaming.feature:11)
</error>
  </testcase>
  <testcase time="0.003" classname="| Computer | Продажа | 3 | 160 | 300 |" name="And Add adds to bookmark">
    <skipped/>
  </testcase>
  <testcase time="0.004" classname="| Computer | Продажа | 3 | 160 | 300 |" name="And Verify adds are moved to bookmark">
    <skipped/>
  </testcase>
</testsuite>